เริ่มทำงานโดยเริ่มจากดึงข้อมูลผู้ที่ลาออก
จำนวนผู้ที่ลาออก: 60
['chatkamol.phe', 'rattanapon.lon', 'setthawut.jam', 'tri.jai', 'worakrod.kae', 'ilada.wit', 'siradanai.won', 'thananphat.phi', 'kodchaporn.pha', 'patcharapa.pin', 'sunanthini.pon', 'nattanan.klo', 'sitthisat.mic', 'sukol.sih', 'janjira.buj', 'thitisuda.ton', 'lalana.pua', 'supornchai.kog', 'khwanyuen.mak', 'suthasinee.pha', 'nattharawadi.tha', 'sakdithep.cha', 'phanthipa.run', 'chatkanok.tho', 'sahawich.mon', 'apichaya.sat', 'piyawat.pan', 'apudsanun.see', 'petmada.phm', 'keasinee.rot', 'walailak.saa', 'wuttichai.ler', 'panphailin.wis', 'jirapinya.nap', 'surasee.srh', 'jutiporn.iac', 'naruemon.kru', 'pichaporn.pui', 'chaiwat.sae', 'tanyalak.kam', 'pronpitcha.srb', 'thanapha.mua', 'aonuma.san', 'pongkhun.pan', 'kamontip.sri', 'supawadee.wor', 'pattarapan.boo', 'thanaporn.dit', 'natchaya.jan', 'nichapat.hol', 'thirayada.cho', 'jittraporn.som', 'kultida.tin', 'kasina.sal', 'porntip.sai', 'tassanun.tha', 'dollaya.non', 'phattawee.som', 'pakaporn.che', 'areeya.bua']
[(63762, '30b9fd73-f310-4364-93dd-65225ef51f71', 6, 'agentserveradmin', 'SirirajReport')]
ตรวจสอบข้อมูล Tableau Site: SirirajReport
ค้นหา User Tableau ของคนที่ลาออก
[]
คนที่ลาออกไม่ได้มี User ใน Tableau หรือ Site นี้
------------------------
[(63833, 'df2f9e52-e0ff-4f1d-baac-d3d68f91fe0b', 80, 'agentserveradmin', 'ประชาสัมพันธ์ และ คู่มือ')]
ตรวจสอบข้อมูล Tableau Site: publicandmanuals
ค้นหา User Tableau ของคนที่ลาออก
[]
คนที่ลาออกไม่ได้มี User ใน Tableau หรือ Site นี้
------------------------
[(63835, '99cefdf5-2475-4f9e-ae86-f6209aa800d1', 81, 'agentserveradmin', 'GJ')]
ตรวจสอบข้อมูล Tableau Site: GJ
ค้นหา User Tableau ของคนที่ลาออก
[]
คนที่ลาออกไม่ได้มี User ใน Tableau หรือ Site นี้
------------------------
ส่งข้อความสำเร็จ
